<?xml version="1.0" encoding="utf-8"?><testsuites name="pytest tests"><testsuite name="pytest" errors="0" failures="0" skipped="1" tests="22" time="19.102" timestamp="2026-06-22T17:01:47.632436+00:00" hostname="agent-env-34414386-9d64-4f6b-a795-b84ed79867fe"><testcase classname="backend.tests.backend_test" name="test_register" time="0.480" /><testcase classname="backend.tests.backend_test" name="test_login" time="0.274" /><testcase classname="backend.tests.backend_test" name="test_login_invalid" time="0.271" /><testcase classname="backend.tests.backend_test" name="test_me_no_token" time="0.132" /><testcase classname="backend.tests.backend_test" name="test_me_invalid_token" time="0.120" /><testcase classname="backend.tests.backend_test" name="test_me_valid" time="0.143" /><testcase classname="backend.tests.backend_test" name="test_dashboard_stats" time="0.114" /><testcase classname="backend.tests.backend_test" name="test_templates" time="0.134" /><testcase classname="backend.tests.backend_test" name="test_create_meeting" time="0.104" /><testcase classname="backend.tests.backend_test" name="test_list_meetings" time="0.146" /><testcase classname="backend.tests.backend_test" name="test_list_meetings_search" time="0.117" /><testcase classname="backend.tests.backend_test" name="test_get_meeting" time="0.110" /><testcase classname="backend.tests.backend_test" name="test_get_meeting_other_user_404" time="0.435" /><testcase classname="backend.tests.backend_test" name="test_patch_meeting" time="0.210" /><testcase classname="backend.tests.backend_test" name="test_start_meeting" time="0.115" /><testcase classname="backend.tests.backend_test" name="test_finalize_topic_without_transcription" time="3.331" /><testcase classname="backend.tests.backend_test" name="test_deliberations_listed" time="0.107" /><testcase classname="backend.tests.backend_test" name="test_patch_deliberation" time="0.000"><skipped type="pytest.skip" message="No deliberations created">/app/backend/tests/backend_test.py:181: No deliberations created</skipped></testcase><testcase classname="backend.tests.backend_test" name="test_generate_ata" time="12.054" /><testcase classname="backend.tests.backend_test" name="test_export_pdf" time="0.156" /><testcase classname="backend.tests.backend_test" name="test_export_docx" time="0.152" /><testcase classname="backend.tests.backend_test" name="test_delete_meeting" time="0.312" /></testsuite></testsuites>